2019-07-14 17:34:51.2829|INFO|ProjectManager.Utils.LoggingUtility|Operation Result Format: JSON
Request ID: 80000002-0001-f500-b63f-84710c7967bb
Method: GET
URL: http://localhost:50830/api/user
Controller : ProjectManager.Controllers.UserController
Action : GetUser
Action Parameters : System.Web.Http.Tracing.ITraceWriterExtensions+<>c__DisplayClass14_0

2019-07-14 17:34:51.3140|INFO|ProjectManager.Utils.LoggingUtility|Operation Result Format: JSON
Request ID: 80000002-0001-f500-b63f-84710c7967bb
Method: GET
URL: http://localhost:50830/api/user
Controller : ProjectManager.Controllers.UserController
Action : GetUser
Action Parameters : System.Web.Http.Tracing.ITraceWriterExtensions+<>c__DisplayClass14_0

2019-07-14 18:17:09.8279|INFO|ProjectManager.Utils.LoggingUtility|Operation Result Format: JSON
Request ID: 80000005-0002-ff00-b63f-84710c7967bb
Method: POST
URL: http://localhost:50830/api/user/add
Controller : ProjectManager.Controllers.UserController
Action : InsertUserDetails
Action Parameters : System.Web.Http.Tracing.ITraceWriterExtensions+<>c__DisplayClass14_0

2019-07-14 18:17:09.8849|INFO|ProjectManager.Utils.LoggingUtility|Operation Result Format: JSON
Request ID: 80000005-0002-ff00-b63f-84710c7967bb
Method: POST
URL: http://localhost:50830/api/user/add
Controller : ProjectManager.Controllers.UserController
Action : InsertUserDetails
Action Parameters : System.Web.Http.Tracing.ITraceWriterExtensions+<>c__DisplayClass14_0

2019-07-14 18:17:18.5554|INFO|ProjectManager.Utils.LoggingUtility|Operation Result Format: JSON
Request ID: 80000006-0002-ff00-b63f-84710c7967bb
Method: GET
URL: http://localhost:50830/api/user
Controller : ProjectManager.Controllers.UserController
Action : GetUser
Action Parameters : System.Web.Http.Tracing.ITraceWriterExtensions+<>c__DisplayClass14_0

2019-07-14 18:17:18.5774|INFO|ProjectManager.Utils.LoggingUtility|Operation Result Format: JSON
Request ID: 80000006-0002-ff00-b63f-84710c7967bb
Method: GET
URL: http://localhost:50830/api/user
Controller : ProjectManager.Controllers.UserController
Action : GetUser
Action Parameters : System.Web.Http.Tracing.ITraceWriterExtensions+<>c__DisplayClass14_0

2019-07-14 18:17:48.7259|INFO|ProjectManager.Utils.LoggingUtility|Operation Result Format: JSON
Request ID: 80000007-0002-ff00-b63f-84710c7967bb
Method: GET
URL: http://localhost:50830/api/user
Controller : ProjectManager.Controllers.UserController
Action : GetUser
Action Parameters : System.Web.Http.Tracing.ITraceWriterExtensions+<>c__DisplayClass14_0

2019-07-14 18:17:48.7320|INFO|ProjectManager.Utils.LoggingUtility|Operation Result Format: JSON
Request ID: 80000002-0000-f900-b63f-84710c7967bb
Method: GET
URL: http://localhost:50830/api/project
Controller : ProjectManager.Controllers.ProjectController
Action : RetrieveProjects
Action Parameters : System.Web.Http.Tracing.ITraceWriterExtensions+<>c__DisplayClass14_0

2019-07-14 18:17:48.7320|INFO|ProjectManager.Utils.LoggingUtility|Operation Result Format: JSON
Request ID: 80000007-0002-ff00-b63f-84710c7967bb
Method: GET
URL: http://localhost:50830/api/user
Controller : ProjectManager.Controllers.UserController
Action : GetUser
Action Parameters : System.Web.Http.Tracing.ITraceWriterExtensions+<>c__DisplayClass14_0

2019-07-14 18:17:48.7320|INFO|ProjectManager.Utils.LoggingUtility|Operation Result Format: JSON
Request ID: 80000002-0000-f900-b63f-84710c7967bb
Method: GET
URL: http://localhost:50830/api/project
Controller : ProjectManager.Controllers.ProjectController
Action : RetrieveProjects
Action Parameters : System.Web.Http.Tracing.ITraceWriterExtensions+<>c__DisplayClass14_0

2019-07-14 18:17:55.5591|INFO|ProjectManager.Utils.LoggingUtility|Operation Result Format: JSON
Request ID: 80000003-0000-f900-b63f-84710c7967bb
Method: GET
URL: http://localhost:50830/api/user
Controller : ProjectManager.Controllers.UserController
Action : GetUser
Action Parameters : System.Web.Http.Tracing.ITraceWriterExtensions+<>c__DisplayClass14_0

2019-07-14 18:17:55.5591|INFO|ProjectManager.Utils.LoggingUtility|Operation Result Format: JSON
Request ID: 80000003-0000-f900-b63f-84710c7967bb
Method: GET
URL: http://localhost:50830/api/user
Controller : ProjectManager.Controllers.UserController
Action : GetUser
Action Parameters : System.Web.Http.Tracing.ITraceWriterExtensions+<>c__DisplayClass14_0

2019-07-14 18:18:01.7620|INFO|ProjectManager.Utils.LoggingUtility|Operation Result Format: JSON
Request ID: 80000004-0000-f900-b63f-84710c7967bb
Method: GET
URL: http://localhost:50830/api/project
Controller : ProjectManager.Controllers.ProjectController
Action : RetrieveProjects
Action Parameters : System.Web.Http.Tracing.ITraceWriterExtensions+<>c__DisplayClass14_0

2019-07-14 18:18:01.7620|INFO|ProjectManager.Utils.LoggingUtility|Operation Result Format: JSON
Request ID: 80000004-0000-f900-b63f-84710c7967bb
Method: GET
URL: http://localhost:50830/api/project
Controller : ProjectManager.Controllers.ProjectController
Action : RetrieveProjects
Action Parameters : System.Web.Http.Tracing.ITraceWriterExtensions+<>c__DisplayClass14_0

